

############################
Mon Jan  4 09:06:15 KST 2016
/ccnc_bin/freesurferSummary
/Applications/freesurfer/tktools/tksurfer.bin FREESURFER lh inflated 
############################


############################
Mon Jan  4 09:22:49 KST 2016
/ccnc_bin/freesurferSummary
/Applications/freesurfer/tktools/tksurfer.bin FREESURFER lh inflated 
############################


############################
Mon Jan  4 09:25:22 KST 2016
/ccnc_bin/freesurferSummary
/Applications/freesurfer/tktools/tksurfer.bin FREESURFER rh inflated 
############################


############################
Mon Jan  4 09:28:25 KST 2016
/ccnc_bin/freesurferSummary
/Applications/freesurfer/tktools/tksurfer.bin FREESURFER lh inflated 
############################


############################
Mon Jan  4 13:59:01 KST 2016
/ccnc_bin/freesurferSummary
/Applications/freesurfer/tktools/tksurfer.bin FREESURFER rh inflated 
############################


############################
Mon Jan  4 19:00:57 KST 2016
/ccnc_bin/freesurferSummary
/Applications/freesurfer/tktools/tksurfer.bin FREESURFER lh inflated 
############################


############################
Mon Jan  4 19:01:02 KST 2016
/ccnc_bin/freesurferSummary
/Applications/freesurfer/tktools/tksurfer.bin FREESURFER rh inflated 
############################


############################
Mon Jan  4 19:05:28 KST 2016
/ccnc_bin/freesurferSummary
/Applications/freesurfer/tktools/tksurfer.bin FREESURFER lh inflated 
############################


############################
Mon Jan  4 19:05:31 KST 2016
/ccnc_bin/freesurferSummary
/Applications/freesurfer/tktools/tksurfer.bin FREESURFER rh inflated 
############################
